<?xml version="1.0" encoding="UTF-8"?>
<!-- Generated by org.testng.reporters.JUnitReportReporter -->
<testsuite hostname="LAPTOP-456857NL" failures="0" tests="4" name="indeed.testng.indeed.NewTest" time="2.317" errors="0" timestamp="2024-01-29T10:21:33 IST" skipped="0">
  <testcase classname="indeed.testng.indeed.NewTest" name="keyDown" time="1.761"/>
  <testcase classname="indeed.testng.indeed.NewTest" name="sendKeysToActiveElement" time="0.089"/>
  <testcase classname="indeed.testng.indeed.NewTest" name="keyUp" time="0.121"/>
  <testcase classname="indeed.testng.indeed.NewTest" name="sendKeysToDesignatedElement" time="0.346"/>
</testsuite> <!-- indeed.testng.indeed.NewTest -->
